# JRE version: Java(TM) SE Runtime Environment (8.0_91-b14) (build 1.8.0_91-b14)
# Java VM: Java HotSpot(TM) 64-Bit Server VM (25.91-b14 mixed mode windows-amd64 compressed oops)
Heap:
 PSYoungGen      total 258560K, used 123662K [0x000000076b400000, 0x000000077cb00000, 0x00000007c0000000)
  eden space 247808K, 49% used [0x000000076b400000,0x0000000772cc3ad8,0x000000077a600000)
  from space 10752K, 0% used [0x000000077b400000,0x000000077b400000,0x000000077be80000)
  to   space 12800K, 0% used [0x000000077be80000,0x000000077be80000,0x000000077cb00000)
 ParOldGen       total 206848K, used 26128K [0x00000006c1c00000, 0x00000006ce600000, 0x000000076b400000)
  object space 206848K, 12% used [0x00000006c1c00000,0x00000006c3584080,0x00000006ce600000)
 Metaspace       used 39666K, capacity 40314K, committed 40576K, reserved 1085440K
  class space    used 5048K, capacity 5207K, committed 5248K, reserved 1048576K
GC Heap History (10 events):
Event: 2.593 GC heap before
{Heap before GC invocations=3 (full 0):
 PSYoungGen      total 141824K, used 107546K [0x000000076b400000, 0x0000000774900000, 0x00000007c0000000)
  eden space 131072K, 73% used [0x000000076b400000,0x0000000771287e58,0x0000000773400000)
  from space 10752K, 99% used [0x0000000773e80000,0x00000007748feb50,0x0000000774900000)
  to   space 10752K, 0% used [0x0000000773400000,0x0000000773400000,0x0000000773e80000)
 ParOldGen       total 175104K, used 3747K [0x00000006c1c00000, 0x00000006cc700000, 0x000000076b400000)
  object space 175104K, 2% used [0x00000006c1c00000,0x00000006c1fa8fb0,0x00000006cc700000)
 Metaspace       used 20964K, capacity 21154K, committed 21296K, reserved 1069056K
  class space    used 2601K, capacity 2666K, committed 2688K, reserved 1048576K
Event: 2.616 GC heap after
Heap after GC invocations=3 (full 0):
 PSYoungGen      total 141824K, used 10737K [0x000000076b400000, 0x000000077c900000, 0x00000007c0000000)
  eden space 131072K, 0% used [0x000000076b400000,0x000000076b400000,0x0000000773400000)
  from space 10752K, 99% used [0x0000000773400000,0x0000000773e7c630,0x0000000773e80000)
  to   space 10752K, 0% used [0x000000077be80000,0x000000077be80000,0x000000077c900000)
 ParOldGen       total 175104K, used 10107K [0x00000006c1c00000, 0x00000006cc700000, 0x000000076b400000)
  object space 175104K, 5% used [0x00000006c1c00000,0x00000006c25dee30,0x00000006cc700000)
 Metaspace       used 20964K, capacity 21154K, committed 21296K, reserved 1069056K
  class space    used 2601K, capacity 2666K, committed 2688K, reserved 1048576K
}
Event: 2.616 GC heap before
{Heap before GC invocations=4 (full 1):
 PSYoungGen      total 141824K, used 10737K [0x000000076b400000, 0x000000077c900000, 0x00000007c0000000)
  eden space 131072K, 0% used [0x000000076b400000,0x000000076b400000,0x0000000773400000)
  from space 10752K, 99% used [0x0000000773400000,0x0000000773e7c630,0x0000000773e80000)
  to   space 10752K, 0% used [0x000000077be80000,0x000000077be80000,0x000000077c900000)
 ParOldGen       total 175104K, used 10107K [0x00000006c1c00000, 0x00000006cc700000, 0x000000076b400000)
  object space 175104K, 5% used [0x00000006c1c00000,0x00000006c25dee30,0x00000006cc700000)
 Metaspace       used 20964K, capacity 21154K, committed 21296K, reserved 1069056K
  class space    used 2601K, capacity 2666K, committed 2688K, reserved 1048576K
Event: 2.685 GC heap after
Heap after GC invocations=4 (full 1):
 PSYoungGen      total 141824K, used 0K [0x000000076b400000, 0x000000077c900000, 0x00000007c0000000)
  eden space 131072K, 0% used [0x000000076b400000,0x000000076b400000,0x0000000773400000)
  from space 10752K, 0% used [0x0000000773400000,0x0000000773400000,0x0000000773e80000)
  to   space 10752K, 0% used [0x000000077be80000,0x000000077be80000,0x000000077c900000)
 ParOldGen       total 128000K, used 16710K [0x00000006c1c00000, 0x00000006c9900000, 0x000000076b400000)
  object space 128000K, 13% used [0x00000006c1c00000,0x00000006c2c518d0,0x00000006c9900000)
 Metaspace       used 20964K, capacity 21154K, committed 21296K, reserved 1069056K
  class space    used 2601K, capacity 2666K, committed 2688K, reserved 1048576K
}
Event: 4.676 GC heap before
{Heap before GC invocations=5 (full 1):
 PSYoungGen      total 141824K, used 131072K [0x000000076b400000, 0x000000077c900000, 0x00000007c0000000)
  eden space 131072K, 100% used [0x000000076b400000,0x0000000773400000,0x0000000773400000)
  from space 10752K, 0% used [0x0000000773400000,0x0000000773400000,0x0000000773e80000)
  to   space 10752K, 0% used [0x000000077be80000,0x000000077be80000,0x000000077c900000)
 ParOldGen       total 128000K, used 16710K [0x00000006c1c00000, 0x00000006c9900000, 0x000000076b400000)
  object space 128000K, 13% used [0x00000006c1c00000,0x00000006c2c518d0,0x00000006c9900000)
 Metaspace       used 28613K, capacity 28944K, committed 29312K, reserved 1075200K
  class space    used 3576K, capacity 3671K, committed 3712K, reserved 1048576K
Event: 4.685 GC heap after
Heap after GC invocations=5 (full 1):
 PSYoungGen      total 190464K, used 10745K [0x000000076b400000, 0x000000077c900000, 0x00000007c0000000)
  eden space 179712K, 0% used [0x000000076b400000,0x000000076b400000,0x0000000776380000)
  from space 10752K, 99% used [0x000000077be80000,0x000000077c8fe770,0x000000077c900000)
  to   space 10752K, 0% used [0x000000077b400000,0x000000077b400000,0x000000077be80000)
 ParOldGen       total 128000K, used 17473K [0x00000006c1c00000, 0x00000006c9900000, 0x000000076b400000)
  object space 128000K, 13% used [0x00000006c1c00000,0x00000006c2d107e8,0x00000006c9900000)
 Metaspace       used 28613K, capacity 28944K, committed 29312K, reserved 1075200K
  class space    used 3576K, capacity 3671K, committed 3712K, reserved 1048576K
}
Event: 6.053 GC heap before
{Heap before GC invocations=6 (full 1):
 PSYoungGen      total 190464K, used 120163K [0x000000076b400000, 0x000000077c900000, 0x00000007c0000000)
  eden space 179712K, 60% used [0x000000076b400000,0x0000000771eda5b8,0x0000000776380000)
  from space 10752K, 99% used [0x000000077be80000,0x000000077c8fe770,0x000000077c900000)
  to   space 10752K, 0% used [0x000000077b400000,0x000000077b400000,0x000000077be80000)
 ParOldGen       total 128000K, used 17473K [0x00000006c1c00000, 0x00000006c9900000, 0x000000076b400000)
  object space 128000K, 13% used [0x00000006c1c00000,0x00000006c2d107e8,0x00000006c9900000)
 Metaspace       used 34826K, capacity 35162K, committed 35496K, reserved 1081344K
  class space    used 4451K, capacity 4557K, committed 4608K, reserved 1048576K
Event: 6.076 GC heap after
Heap after GC invocations=6 (full 1):
 PSYoungGen      total 258560K, used 10736K [0x000000076b400000, 0x000000077cb00000, 0x00000007c0000000)
  eden space 247808K, 0% used [0x000000076b400000,0x000000076b400000,0x000000077a600000)
  from space 10752K, 99% used [0x000000077b400000,0x000000077be7c020,0x000000077be80000)
  to   space 12800K, 0% used [0x000000077be80000,0x000000077be80000,0x000000077cb00000)
 ParOldGen       total 128000K, used 22810K [0x00000006c1c00000, 0x00000006c9900000, 0x000000076b400000)
  object space 128000K, 17% used [0x00000006c1c00000,0x00000006c3246920,0x00000006c9900000)
 Metaspace       used 34826K, capacity 35162K, committed 35496K, reserved 1081344K
  class space    used 4451K, capacity 4557K, committed 4608K, reserved 1048576K
}
Event: 6.076 GC heap before
{Heap before GC invocations=7 (full 2):
 PSYoungGen      total 258560K, used 10736K [0x000000076b400000, 0x000000077cb00000, 0x00000007c0000000)
  eden space 247808K, 0% used [0x000000076b400000,0x000000076b400000,0x000000077a600000)
  from space 10752K, 99% used [0x000000077b400000,0x000000077be7c020,0x000000077be80000)
  to   space 12800K, 0% used [0x000000077be80000,0x000000077be80000,0x000000077cb00000)
 ParOldGen       total 128000K, used 22810K [0x00000006c1c00000, 0x00000006c9900000, 0x000000076b400000)
  object space 128000K, 17% used [0x00000006c1c00000,0x00000006c3246920,0x00000006c9900000)
 Metaspace       used 34826K, capacity 35162K, committed 35496K, reserved 1081344K
  class space    used 4451K, capacity 4557K, committed 4608K, reserved 1048576K
Event: 6.196 GC heap after
Heap after GC invocations=7 (full 2):
 PSYoungGen      total 258560K, used 0K [0x000000076b400000, 0x000000077cb00000, 0x00000007c0000000)
  eden space 247808K, 0% used [0x000000076b400000,0x000000076b400000,0x000000077a600000)
  from space 10752K, 0% used [0x000000077b400000,0x000000077b400000,0x000000077be80000)
  to   space 12800K, 0% used [0x000000077be80000,0x000000077be80000,0x000000077cb00000)
 ParOldGen       total 206848K, used 26128K [0x00000006c1c00000, 0x00000006ce600000, 0x000000076b400000)
  object space 206848K, 12% used [0x00000006c1c00000,0x00000006c3584080,0x00000006ce600000)
 Metaspace       used 34826K, capacity 35162K, committed 35496K, reserved 1081344K
  class space    used 4451K, capacity 4557K, committed 4608K, reserved 1048576K
}

